<?xml version="1.0" encoding="UTF-8"?>
<!-- Generated by org.testng.reporters.JUnitXMLReporter -->
<testsuite hostname="VI209570" ignored="0" name="Default test" tests="3" failures="0" timestamp="2020-06-08T16:43:20 IST" time="0.71" errors="0">
  <testcase name="runScenario" time="0.25" classname="Cucumber.Demo.RunCucumberTest"/>
  <testcase name="runScenario" time="0.008" classname="Cucumber.Demo.RunCucumberTest"/>
  <testcase name="runScenario" time="0.009" classname="Cucumber.Demo.RunCucumberTest"/>
</testsuite> <!-- Default test -->
