<?xml version="1.0" encoding="UTF-8"?>
<!-- Generated by org.testng.reporters.JUnitXMLReporter -->
<testsuite hostname="VI209570" ignored="0" name="Test" tests="3" failures="0" timestamp="2020-06-08T16:33:24 IST" time="0.645" errors="0">
  <testcase name="runScenario" time="0.231" classname="Cucumber.Demo.RunCucumberTest"/>
  <testcase name="runScenario" time="0.008" classname="Cucumber.Demo.RunCucumberTest"/>
  <testcase name="runScenario" time="0.008" classname="Cucumber.Demo.RunCucumberTest"/>
</testsuite> <!-- Test -->
