<?xml version="1.0" encoding="UTF-8"?>
<testng-results skipped="0" failed="0" ignored="0" total="2" passed="2">
  <reporter-output>
  </reporter-output>
  <suite name="Cucumber.Demo.RunCucumberTest" duration-ms="1413" started-at="2021-09-07T14:26:06 IST" finished-at="2021-09-07T14:26:08 IST">
    <groups>
      <group name="cucumber">
        <method signature="RunCucumberTest.runScenario(io.cucumber.testng.PickleWrapper,io.cucumber.testng.FeatureWrapper)[pri:0, instance:Cucumber.Demo.RunCucumberTest@3cef309d]" name="runScenario" class="Cucumber.Demo.RunCucumberTest"/>
      </group> <!-- cucumber -->
    </groups>
    <test name="Command line test" duration-ms="1413" started-at="2021-09-07T14:26:06 IST" finished-at="2021-09-07T14:26:08 IST">
      <class name="Cucumber.Demo.RunCucumberTest">
        <test-method status="PASS" signature="beforeSuite()[pri:0, instance:Cucumber.Demo.RunCucumberTest@3cef309d]" name="beforeSuite" is-config="true" duration-ms="23" started-at="2021-09-07T14:26:06 IST" finished-at="2021-09-07T14:26:06 IST">
          <reporter-output>
          </reporter-output>
        </test-method> <!-- beforeSuite -->
        <test-method status="PASS" signature="setUpClass()[pri:0, instance:Cucumber.Demo.RunCucumberTest@3cef309d]" name="setUpClass" is-config="true" duration-ms="789" started-at="2021-09-07T14:26:06 IST" finished-at="2021-09-07T14:26:07 IST">
          <reporter-output>
          </reporter-output>
        </test-method> <!-- setUpClass -->
        <test-method status="PASS" signature="runScenario(io.cucumber.testng.PickleWrapper,io.cucumber.testng.FeatureWrapper)[pri:0, instance:Cucumber.Demo.RunCucumberTest@3cef309d]" name="runScenario" duration-ms="284" started-at="2021-09-07T14:26:07 IST" description="Runs Cucumber Scenarios" data-provider="features" finished-at="2021-09-07T14:26:08 IST">
          <params>
            <param index="0">
              <value>
                <![CDATA["Log in to Facebook with Examples"]]>
              </value>
            </param>
            <param index="1">
              <value>
                <![CDATA["Optional[FaceBook Login]"]]>
              </value>
            </param>
          </params>
          <reporter-output>
          </reporter-output>
        </test-method> <!-- runScenario -->
        <test-method status="PASS" signature="runScenario(io.cucumber.testng.PickleWrapper,io.cucumber.testng.FeatureWrapper)[pri:0, instance:Cucumber.Demo.RunCucumberTest@3cef309d]" name="runScenario" duration-ms="18" started-at="2021-09-07T14:26:08 IST" description="Runs Cucumber Scenarios" data-provider="features" finished-at="2021-09-07T14:26:08 IST">
          <params>
            <param index="0">
              <value>
                <![CDATA["Log in to Facebook with Examples"]]>
              </value>
            </param>
            <param index="1">
              <value>
                <![CDATA["Optional[FaceBook Login]"]]>
              </value>
            </param>
          </params>
          <reporter-output>
          </reporter-output>
        </test-method> <!-- runScenario -->
        <test-method status="PASS" signature="tearDownClass()[pri:0, instance:Cucumber.Demo.RunCucumberTest@3cef309d]" name="tearDownClass" is-config="true" duration-ms="275" started-at="2021-09-07T14:26:08 IST" finished-at="2021-09-07T14:26:08 IST">
          <reporter-output>
          </reporter-output>
        </test-method> <!-- tearDownClass -->
        <test-method status="PASS" signature="afterSuite()[pri:0, instance:Cucumber.Demo.RunCucumberTest@3cef309d]" name="afterSuite" is-config="true" duration-ms="0" started-at="2021-09-07T14:26:08 IST" finished-at="2021-09-07T14:26:08 IST">
          <reporter-output>
          </reporter-output>
        </test-method> <!-- afterSuite -->
      </class> <!-- Cucumber.Demo.RunCucumberTest -->
    </test> <!-- Command line test -->
  </suite> <!-- Cucumber.Demo.RunCucumberTest -->
</testng-results>
