<?xml version="1.0" encoding="UTF-8"?>
<testng-results skipped="0" failed="0" ignored="0" total="2" passed="2">
  <reporter-output>
  </reporter-output>
  <suite name="Default suite" duration-ms="1261" started-at="2021-09-07T10:49:12 IST" finished-at="2021-09-07T10:49:13 IST">
    <groups>
      <group name="cucumber">
        <method signature="RunCucumberTest.runScenario(io.cucumber.testng.PickleWrapper,io.cucumber.testng.FeatureWrapper)[pri:0, instance:Cucumber.Demo.RunCucumberTest@7a30d1e6]" name="runScenario" class="Cucumber.Demo.RunCucumberTest"/>
      </group> <!-- cucumber -->
    </groups>
    <test name="Default test" duration-ms="1261" started-at="2021-09-07T10:49:12 IST" finished-at="2021-09-07T10:49:13 IST">
      <class name="Cucumber.Demo.RunCucumberTest">
        <test-method status="PASS" signature="beforeSuite()[pri:0, instance:Cucumber.Demo.RunCucumberTest@7a30d1e6]" name="beforeSuite" is-config="true" duration-ms="9" started-at="2021-09-07T10:49:12 IST" finished-at="2021-09-07T10:49:12 IST">
          <reporter-output>
          </reporter-output>
        </test-method> <!-- beforeSuite -->
        <test-method status="PASS" signature="setUpClass()[pri:0, instance:Cucumber.Demo.RunCucumberTest@7a30d1e6]" name="setUpClass" is-config="true" duration-ms="660" started-at="2021-09-07T10:49:12 IST" finished-at="2021-09-07T10:49:12 IST">
          <reporter-output>
          </reporter-output>
        </test-method> <!-- setUpClass -->
        <test-method status="PASS" signature="runScenario(io.cucumber.testng.PickleWrapper,io.cucumber.testng.FeatureWrapper)[pri:0, instance:Cucumber.Demo.RunCucumberTest@7a30d1e6]" name="runScenario" duration-ms="249" started-at="2021-09-07T10:49:12 IST" description="Runs Cucumber Scenarios" data-provider="features" finished-at="2021-09-07T10:49:13 IST">
          <params>
            <param index="0">
              <value>
                <![CDATA["Log in to Facebook with Examples"]]>
              </value>
            </param>
            <param index="1">
              <value>
                <![CDATA["Optional[FaceBook Login]"]]>
              </value>
            </param>
          </params>
          <reporter-output>
          </reporter-output>
        </test-method> <!-- runScenario -->
        <test-method status="PASS" signature="runScenario(io.cucumber.testng.PickleWrapper,io.cucumber.testng.FeatureWrapper)[pri:0, instance:Cucumber.Demo.RunCucumberTest@7a30d1e6]" name="runScenario" duration-ms="14" started-at="2021-09-07T10:49:13 IST" description="Runs Cucumber Scenarios" data-provider="features" finished-at="2021-09-07T10:49:13 IST">
          <params>
            <param index="0">
              <value>
                <![CDATA["Log in to Facebook with Examples"]]>
              </value>
            </param>
            <param index="1">
              <value>
                <![CDATA["Optional[FaceBook Login]"]]>
              </value>
            </param>
          </params>
          <reporter-output>
          </reporter-output>
        </test-method> <!-- runScenario -->
        <test-method status="PASS" signature="tearDownClass()[pri:0, instance:Cucumber.Demo.RunCucumberTest@7a30d1e6]" name="tearDownClass" is-config="true" duration-ms="283" started-at="2021-09-07T10:49:13 IST" finished-at="2021-09-07T10:49:13 IST">
          <reporter-output>
          </reporter-output>
        </test-method> <!-- tearDownClass -->
        <test-method status="PASS" signature="afterSuite()[pri:0, instance:Cucumber.Demo.RunCucumberTest@7a30d1e6]" name="afterSuite" is-config="true" duration-ms="0" started-at="2021-09-07T10:49:13 IST" finished-at="2021-09-07T10:49:13 IST">
          <reporter-output>
          </reporter-output>
        </test-method> <!-- afterSuite -->
      </class> <!-- Cucumber.Demo.RunCucumberTest -->
    </test> <!-- Default test -->
  </suite> <!-- Default suite -->
</testng-results>
